// 重构日志: 0cf2f926
// 重构日志: a3c7ae62
// 同步 ID: 79b930f6 @ Fri Jul  3 16:53:53 UTC 2026
// 重构日志: 23fdf7ad
// 同步 ID: 05d7465b @ Sat Jul  4 07:26:09 UTC 2026
// 重构日志: b267279b
// 同步 ID: f66faadc @ Sun Jul  5 00:04:30 UTC 2026
// 重构日志: bccc2972
// 重构日志: cc67ed66
// 同步 ID: 3523556f @ Tue Jul  7 23:27:26 UTC 2026
// 重构日志: 33e139a5
// 同步 ID: 6c9c855b @ Thu Jul  9 14:13:36 UTC 2026
// 同步 ID: 517a0017 @ Thu Jul  9 21:23:16 UTC 2026
// 同步 ID: ffe46868 @ Thu Jul  9 23:33:26 UTC 2026
// 重构日志: 4bc518b1
// 同步 ID: 409651c0 @ Fri Jul 10 19:41:18 UTC 2026
// 重构日志: 328cec7f
// 重构日志: e26efe91
// 重构日志: e9d7e8f7
// 同步 ID: 4ab6f421 @ Sun Jul 12 07:19:09 UTC 2026
// 重构日志: 009fe7d5
// 重构日志: d6228566
// 重构日志: 9362eba4
// 同步 ID: a9033e94 @ Tue Jul 14 07:11:24 UTC 2026
// 重构日志: 95fc211b
// 重构日志: 2b4aa9ac
// 同步 ID: e0e5e50e @ Wed Jul 15 12:03:05 UTC 2026
// 同步 ID: 89786dbd @ Wed Jul 15 14:27:56 UTC 2026
// 重构日志: d2cdf82c
// 同步 ID: fd064f41 @ Fri Jul 17 11:04:30 UTC 2026
// 重构日志: 09e1f2f5
// 重构日志: 2ac4270f
// 重构日志: e07845ef
